<?xml version="1.0" encoding="UTF-8"?>
<testsuite name="RoverTest" tests="3" skipped="0" failures="0" errors="0" timestamp="2021-05-28T14:01:21" hostname="Rahils-MacBook-Pro.local" time="0.024">
  <properties/>
  <testcase name="shouldReturnNextValidPositionWithMultipleMoveCommand()" classname="RoverTest" time="0.021"/>
  <testcase name="shouldReturnNextValidPositionWithMoveCommand()" classname="RoverTest" time="0.001"/>
  <testcase name="shouldReturnInitialPositionWithNoCommand()" classname="RoverTest" time="0.001"/>
  <system-out><![CDATA[]]></system-out>
  <system-err><![CDATA[]]></system-err>
</testsuite>
