<?xml version="1.0" encoding="UTF-8"?>
<testsuite name="RoverTest" tests="1" skipped="0" failures="0" errors="0" timestamp="2021-05-28T12:54:26" hostname="Rahils-MacBook-Pro.local" time="0.048">
  <properties/>
  <testcase name="shouldReturnInitialPositionOfRoverWithNoCommand()" classname="RoverTest" time="0.048"/>
  <system-out><![CDATA[]]></system-out>
  <system-err><![CDATA[]]></system-err>
</testsuite>
