<?xml version="1.0" encoding="UTF-8"?>
<testsuite name="RoverTest" tests="2" skipped="0" failures="0" errors="0" timestamp="2021-05-28T13:17:06" hostname="Rahils-MacBook-Pro.local" time="0.036">
  <properties/>
  <testcase name="shouldReturnNextValidPositionWithMoveCommand()" classname="RoverTest" time="0.031"/>
  <testcase name="shouldReturnInitialPositionWithNoCommand()" classname="RoverTest" time="0.004"/>
  <system-out><![CDATA[]]></system-out>
  <system-err><![CDATA[]]></system-err>
</testsuite>
