<?xml version="1.0" encoding="UTF-8"?>
<testsuite name="RoverTest" tests="5" skipped="0" failures="0" errors="0" timestamp="2021-05-28T14:28:59" hostname="Rahils-MacBook-Pro.local" time="0.024">
  <properties/>
  <testcase name="shouldReturnNextValidPositionWithMultipleMoveCommands()" classname="RoverTest" time="0.02"/>
  <testcase name="shouldReturnNextValidPositionWithMoveCommand()" classname="RoverTest" time="0.0"/>
  <testcase name="shouldReturnValidPositionWithTurnRightCommand()" classname="RoverTest" time="0.0"/>
  <testcase name="shouldReturnInitialPositionWithNoCommand()" classname="RoverTest" time="0.0"/>
  <testcase name="shouldReturnValidPositionWithMultipleTurnRightCommands()" classname="RoverTest" time="0.0"/>
  <system-out><![CDATA[]]></system-out>
  <system-err><![CDATA[]]></system-err>
</testsuite>
